<?xml version="1.0" encoding="UTF-8"?>
<testsuite xmlns:xsi="http://www.w3.org/2001/XMLSchema-instance" xsi:noNamespaceSchemaLocation="https://maven.apache.org/surefire/maven-surefire-plugin/xsd/surefire-test-report.xsd" version="3.0.2" name="kg.laponandsweezy.customs_management_system.CustomsManagementSystemApplicationTests" time="6.152" tests="1" errors="0" skipped="0" failures="0">
  <properties>
[...]
</properties>
  <testcase name="contextLoads" classname="kg.laponandsweezy.customs_management_system.CustomsManagementSystemApplicationTests" time="0.643">
    <system-out><![CDATA[22:16:05.647 [main] INFO org.springframework.test.context.support.AnnotationConfigContextLoaderUtils -- Could not detect default configuration classes for test class [kg.laponandsweezy.customs_management_system.CustomsManagementSystemApplicationTests]: CustomsManagementSystemApplicationTests does not declare any static, non-private, non-final, nested classes annotated with @Configuration.
22:16:05.834 [main] INFO org.springframework.boot.test.context.SpringBootTestContextBootstrapper -- Found @SpringBootConfiguration kg.laponandsweezy.customs_management_system.CustomsManagementSystemApplication for test class kg.laponandsweezy.customs_management_system.CustomsManagementSystemApplicationTests

  .   ____          _            __ _ _
 /\\ / ___'_ __ _ _(_)_ __  __ _ \ \ \ \
( ( )\___ | '_ | '_| | '_ \/ _` | \ \ \ \
 \\/  ___)| |_)| | | | | || (_| |  ) ) ) )
  '  |____| .__|_| |_|_| |_\__, | / / / /
 =========|_|==============|___/=/_/_/_/

 :: Spring Boot ::                (v3.5.6)

2025-09-21T22:16:06.528+06:00  INFO 17436 --- [           main] .CustomsManagementSystemApplicationTests : Starting CustomsManagementSystemApplicationTests using Java 23.0.1 with PID 17436 (started by LENOVO in C:\Users\LENOVO\Desktop\CustomsDigital\customs_management_system)
2025-09-21T22:16:06.529+06:00  INFO 17436 --- [           main] .CustomsManagementSystemApplicationTests : The following 1 profile is active: "test"
2025-09-21T22:16:07.461+06:00  INFO 17436 --- [           main] .s.d.r.c.RepositoryConfigurationDelegate : Bootstrapping Spring Data JPA repositories in DEFAULT mode.
2025-09-21T22:16:07.492+06:00  INFO 17436 --- [           main] .s.d.r.c.RepositoryConfigurationDelegate : Finished Spring Data repository scanning in 18 ms. Found 0 JPA repository interfaces.
2025-09-21T22:16:08.202+06:00  INFO 17436 --- [           main] com.zaxxer.hikari.HikariDataSource       : HikariPool-1 - Starting...
2025-09-21T22:16:08.480+06:00  INFO 17436 --- [           main] com.zaxxer.hikari.pool.HikariPool        : HikariPool-1 - Added connection conn0: url=jdbc:h2:mem:testDb user=POSTGRES
2025-09-21T22:16:08.482+06:00  INFO 17436 --- [           main] com.zaxxer.hikari.HikariDataSource       : HikariPool-1 - Start completed.
2025-09-21T22:16:08.544+06:00  INFO 17436 --- [           main] org.flywaydb.core.FlywayExecutor         : Database: jdbc:h2:mem:testDb (H2 2.3)
2025-09-21T22:16:08.568+06:00  WARN 17436 --- [           main] o.f.c.internal.database.base.Database    : Flyway upgrade recommended: H2 2.3.232 is newer than this version of Flyway and support has not been tested. The latest supported version of H2 is 2.2.224.
2025-09-21T22:16:08.597+06:00  INFO 17436 --- [           main] o.f.c.i.s.JdbcTableSchemaHistory         : Schema history table "PUBLIC"."flyway_schema_history" does not exist yet
2025-09-21T22:16:08.599+06:00  INFO 17436 --- [           main] o.f.core.internal.command.DbValidate     : Successfully validated 0 migrations (execution time 00:00.008s)
2025-09-21T22:16:08.599+06:00  WARN 17436 --- [           main] o.f.core.internal.command.DbValidate     : No migrations found. Are your locations set up correctly?
2025-09-21T22:16:08.608+06:00  INFO 17436 --- [           main] o.f.c.i.s.JdbcTableSchemaHistory         : Creating Schema History table "PUBLIC"."flyway_schema_history" ...
2025-09-21T22:16:08.671+06:00  INFO 17436 --- [           main] o.f.core.internal.command.DbMigrate      : Current version of schema "PUBLIC": << Empty Schema >>
2025-09-21T22:16:08.680+06:00  INFO 17436 --- [           main] o.f.core.internal.command.DbMigrate      : Schema "PUBLIC" is up to date. No migration necessary.
2025-09-21T22:16:08.867+06:00  INFO 17436 --- [           main] o.hibernate.jpa.internal.util.LogHelper  : HHH000204: Processing PersistenceUnitInfo [name: default]
2025-09-21T22:16:08.951+06:00  INFO 17436 --- [           main] org.hibernate.Version                    : HHH000412: Hibernate ORM core version 6.6.29.Final
2025-09-21T22:16:08.999+06:00  INFO 17436 --- [           main] o.h.c.internal.RegionFactoryInitiator    : HHH000026: Second-level cache disabled
2025-09-21T22:16:09.448+06:00  INFO 17436 --- [           main] o.s.o.j.p.SpringPersistenceUnitInfo      : No LoadTimeWeaver setup: ignoring JPA class transformer
2025-09-21T22:16:09.535+06:00  INFO 17436 --- [           main] org.hibernate.orm.connections.pooling    : HHH10001005: Database info:
	Database JDBC URL [Connecting through datasource 'HikariDataSource (HikariPool-1)']
	Database driver: undefined/unknown
	Database version: 2.3.232
	Autocommit mode: undefined/unknown
	Isolation level: undefined/unknown
	Minimum pool size: undefined/unknown
	Maximum pool size: undefined/unknown
2025-09-21T22:16:09.939+06:00  INFO 17436 --- [           main] o.h.e.t.j.p.i.JtaPlatformInitiator       : HHH000489: No JTA platform available (set 'hibernate.transaction.jta.platform' to enable JTA platform integration)
2025-09-21T22:16:09.945+06:00  INFO 17436 --- [           main] j.LocalContainerEntityManagerFactoryBean : Initialized JPA EntityManagerFactory for persistence unit 'default'
2025-09-21T22:16:10.115+06:00  WARN 17436 --- [           main] JpaBaseConfiguration$JpaWebConfiguration : spring.jpa.open-in-view is enabled by default. Therefore, database queries may be performed during view rendering. Explicitly configure spring.jpa.open-in-view to disable this warning
2025-09-21T22:16:10.666+06:00  WARN 17436 --- [           main] .s.s.UserDetailsServiceAutoConfiguration : 

Using generated security password: 3b41f222-886c-4a6e-8978-a186859ebbe2

This generated password is for development use only. Your security configuration must be updated before running your application in production.

2025-09-21T22:16:10.682+06:00  INFO 17436 --- [           main] r$InitializeUserDetailsManagerConfigurer : Global AuthenticationManager configured with UserDetailsService bean with name inMemoryUserDetailsManager
2025-09-21T22:16:10.897+06:00  INFO 17436 --- [           main] .CustomsManagementSystemApplicationTests : Started CustomsManagementSystemApplicationTests in 4.799 seconds (process running for 6.284)
]]></system-out>
    <system-err><![CDATA[Mockito is currently self-attaching to enable the inline-mock-maker. This will no longer work in future releases of the JDK. Please add Mockito as an agent to your build as described in Mockito's documentation: https://javadoc.io/doc/org.mockito/mockito-core/latest/org.mockito/org/mockito/Mockito.html#0.3
WARNING: A Java agent has been loaded dynamically (C:\Users\LENOVO\.m2\repository\net\bytebuddy\byte-buddy-agent\1.17.7\byte-buddy-agent-1.17.7.jar)
WARNING: If a serviceability tool is in use, please run with -XX:+EnableDynamicAgentLoading to hide this warning
WARNING: If a serviceability tool is not in use, please run with -Djdk.instrument.traceUsage for more information
WARNING: Dynamic loading of agents will be disallowed by default in a future release
]]></system-err>
  </testcase>
</testsuite>